#
# A fatal error has been detected by the Java Runtime Environment:
#
#  SIGSEGV (0xb) at pc=0x0000000133fa0000, pid=8998, tid=0x0000000000010b0f
#
# JRE version: OpenJDK Runtime Environment (8.0_272-b10) (build 1.8.0_272-b10)
# Java VM: OpenJDK 64-Bit Server VM (25.272-b10 mixed mode bsd-amd64 compressed oops)
# Problematic frame:
# C  0x0000000133fa0000
#
# Failed to write core dump. Core dumps have been disabled. To enable core dumping, try "ulimit -c unlimited" before starting Java again
#
# If you would like to submit a bug report, please visit:
#   https://github.com/AdoptOpenJDK/openjdk-support/issues
# The crash happened outside the Java Virtual Machine in native code.
# See problematic frame for where to report the bug.
#

---------------  T H R E A D  ---------------

Current thread (0x00007ff7305e4000):  JavaThread "Server thread" [_thread_in_native, id=68367, stack(0x00007000074ed000,0x00007000075ed000)]

siginfo: si_signo: 11 (SIGSEGV), si_code: 1 (SEGV_MAPERR), si_addr: 0x0000000133fa0000

Registers:
RAX=0x0000000133fa0000, RBX=0x000000012c674234, RCX=0x0000000000000013, RDX=0x0000000000000003
RSP=0x00007000075ec0e8, RBP=0x00007000075ec5e0, RSI=0x00007000075ec1c0, RDI=0x0000000000010001
R8 =0x00000007c0a71028, R9 =0x000000013a53fba0, R10=0x0000000111474741, R11=0x0000000000000001
R12=0x0000000000000000, R13=0x00000001138d9b6c, R14=0x0000000000010001, R15=0x00007ff7305e4000
RIP=0x0000000133fa0000, EFLAGS=0x0000000000010206, ERR=0x0000000000000014
  TRAPNO=0x000000000000000e

Top of Stack: (sp=0x00007000075ec0e8)
0x00007000075ec0e8:   000000012c640743 00000000000007fe
0x00007000075ec0f8:   00000007a248e3e0 000000012c643b20
0x00007000075ec108:   00000006cb76f130 00000007c0a71028
0x00007000075ec118:   000000013a53fba0 00007000075ec230
0x00007000075ec128:   0000000112fe7374 0000000000000000
0x00007000075ec138:   00007000075ec150 00007000075ec1a0
0x00007000075ec148:   00000001103e4ffd 00000007c0f97fb0
0x00007000075ec158:   00000001393aaff8 00000007badb5450
0x00007000075ec168:   00000007badb5450 00000007c0f97fb0
0x00007000075ec178:   00000001134ee028 00000007c0f97fb0
0x00007000075ec188:   0000000000000000 00007000075ec190
0x00007000075ec198:   00000001393aff40 00007000075ec1e8
0x00007000075ec1a8:   00000001393b1090 0000000144d5cf18
0x00007000075ec1b8:   00000001393affa0 57464c4720656854
0x00007000075ec1c8:   7972617262696c20 20746f6e20736920
0x00007000075ec1d8:   696c616974696e69 000000000064657a
0x00007000075ec1e8:   00000007badb5450 00007000075ec1f0
0x00007000075ec1f8:   00000001393af6fc 00007000075ec250
0x00007000075ec208:   00000001393b1090 0000000144d5c528
0x00007000075ec218:   00000001393af738 0000000000000000
0x00007000075ec228:   00007000075ec260 00007000075ec9a8
0x00007000075ec238:   00000001138d9b6c 0000000000000000
0x00007000075ec248:   00000007a248e3e0 00000007badb5450
0x00007000075ec258:   00000001138d9b6c 0000000000000000
0x00007000075ec268:   0000000134106b70 0000000000000000
0x00007000075ec278:   00007000075ec290 00007000075ec2d8
0x00007000075ec288:   00000007a21c6178 0000000000000000
0x00007000075ec298:   00007000075ec298 00000001440e3f99
0x00007000075ec2a8:   00007000075ec2f8 00007000075ec9a8
0x00007000075ec2b8:   0000000113ae46cc 00000001440e3fc8
0x00007000075ec2c8:   0000000000000000 00007000075ec2e8
0x00007000075ec2d8:   00007000075ec340 00000001103e47d0 

Instructions: (pc=0x0000000133fa0000)
0x0000000133f9ffe0:   
[error occurred during error reporting (printing registers, top of stack, instructions near pc), id 0xb]

Register to memory mapping:

RAX=0x0000000133fa0000 is an unknown value
RBX=0x000000012c674234: <offset 0x39234> in /private/var/folders/fd/kcvtcbg53px3kpf8fdprmblm0000gn/T/lwjglnate/3.2.1-build-12/libglfw.dylib at 0x000000012c63b000
RCX=0x0000000000000013 is an unknown value
RDX=0x0000000000000003 is an unknown value
RSP=0x00007000075ec0e8 is pointing into the stack for thread: 0x00007ff7305e4000
RBP=0x00007000075ec5e0 is pointing into the stack for thread: 0x00007ff7305e4000
RSI=0x00007000075ec1c0 is pointing into the stack for thread: 0x00007ff7305e4000
RDI=0x0000000000010001 is an unknown value
R8 =0x00000007c0a71028 is pointing into metadata
R9 =0x000000013a53fba0 is pointing into metadata
R10=0x0000000111474741 is at entry_point+65 in (nmethod*)0x0000000111474590
R11=0x0000000000000001 is an unknown value
R12=0x0000000000000000 is an unknown value
R13=0x00000001138d9b6c is at entry_point+236 in (nmethod*)0x00000001138d9890
R14=0x0000000000010001 is an unknown value
R15=0x00007ff7305e4000 is a thread


Stack: [0x00007000074ed000,0x00007000075ed000],  sp=0x00007000075ec0e8,  free space=1020k
Native frames: (J=compiled Java code, j=interpreted, Vv=VM code, C=native code)
C  0x0000000133fa0000
C  [libglfw.dylib+0x8b9f]
J 10032  org.lwjgl.system.JNI.invokeD(J)D (0 bytes) @ 0x00000001114747b1 [0x0000000111474700+0xb1]
J 13158 C2 com.mojang.blaze3d.platform.GLX$$Lambda$2855.getAsLong()J (4 bytes) @ 0x0000000111c12b3c [0x0000000111c12b00+0x3c]
J 23378 C1 net.minecraft.server.MinecraftServer.tick(Ljava/util/function/BooleanSupplier;)V (385 bytes) @ 0x0000000113cb2434 [0x0000000113caf880+0x2bb4]
J 23643 C1 net.minecraft.server.integrated.IntegratedServer.tick(Ljava/util/function/BooleanSupplier;)V (165 bytes) @ 0x000000011320f204 [0x000000011320e640+0xbc4]
j  net.minecraft.server.MinecraftServer.func_240802_v_()V+213
j  net.minecraft.server.MinecraftServer.lambda$startServer$0(Ljava/util/concurrent/atomic/AtomicReference;)V+7
j  net.minecraft.server.MinecraftServer$$Lambda$5341.run()V+4
j  java.lang.Thread.run()V+11
v  ~StubRoutines::call_stub
V  [libjvm.dylib+0x2c8027]
V  [libjvm.dylib+0x2c6e73]
V  [libjvm.dylib+0x2c704f]
V  [libjvm.dylib+0x33e6ad]
V  [libjvm.dylib+0x559e16]
V  [libjvm.dylib+0x559cdb]
V  [libjvm.dylib+0x488a03]
C  [libsystem_pthread.dylib+0x6109]  _pthread_start+0x94
C  [libsystem_pthread.dylib+0x1b8b]  thread_start+0xf
C  0x0000000000000000

Java frames: (J=compiled Java code, j=interpreted, Vv=VM code)
J 10032  org.lwjgl.system.JNI.invokeD(J)D (0 bytes) @ 0x0000000111474741 [0x0000000111474700+0x41]
J 13158 C2 com.mojang.blaze3d.platform.GLX$$Lambda$2855.getAsLong()J (4 bytes) @ 0x0000000111c12b3c [0x0000000111c12b00+0x3c]
J 23378 C1 net.minecraft.server.MinecraftServer.tick(Ljava/util/function/BooleanSupplier;)V (385 bytes) @ 0x0000000113cb2434 [0x0000000113caf880+0x2bb4]
J 23643 C1 net.minecraft.server.integrated.IntegratedServer.tick(Ljava/util/function/BooleanSupplier;)V (165 bytes) @ 0x000000011320f204 [0x000000011320e640+0xbc4]
j  net.minecraft.server.MinecraftServer.func_240802_v_()V+213
j  net.minecraft.server.MinecraftServer.lambda$startServer$0(Ljava/util/concurrent/atomic/AtomicReference;)V+7
j  net.minecraft.server.MinecraftServer$$Lambda$5341.run()V+4
j  java.lang.Thread.run()V+11
v  ~StubRoutines::call_stub

---------------  P R O C E S S  ---------------

Java Threads: ( => current thread )
  0x00007ff73021c800 JavaThread "Sound engine" daemon [_thread_blocked, id=61979, stack(0x0000700005965000,0x0000700005a65000)]
  0x00007ff73261b800 JavaThread "Netty Server IO #3" daemon [_thread_in_native, id=101171, stack(0x000070000849a000,0x000070000859a000)]
  0x00007ff726b3a800 JavaThread "Netty Local Client IO #1" daemon [_thread_blocked, id=130095, stack(0x0000700008191000,0x0000700008291000)]
  0x00007ff7282b2800 JavaThread "Netty Server IO #2" daemon [_thread_in_native, id=61539, stack(0x0000700007c85000,0x0000700007d85000)]
  0x00007ff72cd32800 JavaThread "Thread-22" daemon [_thread_blocked, id=113415, stack(0x00007000075f0000,0x00007000076f0000)]
=>0x00007ff7305e4000 JavaThread "Server thread" [_thread_in_native, id=68367, stack(0x00007000074ed000,0x00007000075ed000)]
  0x00007ff72cdaa800 JavaThread "Snooper Timer" daemon [_thread_blocked, id=118123, stack(0x0000700006b52000,0x0000700006c52000)]
  0x00007ff71693e000 JavaThread "Netty Server IO #1" daemon [_thread_in_native, id=113923, stack(0x0000700008c32000,0x0000700008d32000)]
  0x00007ff7280c5800 JavaThread "Netty Local Client IO #0" daemon [_thread_blocked, id=114179, stack(0x0000700008b2f000,0x0000700008c2f000)]
  0x00007ff72813a800 JavaThread "Netty Server IO #0" daemon [_thread_in_native, id=114691, stack(0x0000700008929000,0x0000700008a29000)]
  0x00007ff72cd39000 JavaThread "ObjectCleanerThread" daemon [_thread_blocked, id=115207, stack(0x0000700008826000,0x0000700008926000)]
  0x00007ff7284df000 JavaThread "Java2D Disposer" daemon [_thread_blocked, id=115475, stack(0x0000700008723000,0x0000700008823000)]
  0x00007ff730217000 JavaThread "Thread-9" daemon [_thread_blocked, id=53519, stack(0x00007000076f3000,0x00007000077f3000)]
  0x00007ff727ee0800 JavaThread "Snooper Timer" daemon [_thread_blocked, id=63239, stack(0x00007000071e4000,0x00007000072e4000)]
  0x00007ff730222800 JavaThread "pool-5-thread-3" [_thread_blocked, id=101635, stack(0x0000700008397000,0x0000700008497000)]
  0x00007ff730221800 JavaThread "pool-5-thread-2" [_thread_blocked, id=101379, stack(0x0000700008294000,0x0000700008394000)]
  0x00007ff72cb93800 JavaThread "pool-5-thread-1" [_thread_blocked, id=100363, stack(0x000070000808e000,0x000070000818e000)]
  0x00007ff73205b800 JavaThread "Snooper Timer" daemon [_thread_blocked, id=84495, stack(0x00007000073ea000,0x00007000074ea000)]
  0x00007ff726f15800 JavaThread "Timer hack thread" daemon [_thread_blocked, id=59667, stack(0x0000700006cd5000,0x0000700006dd5000)]
  0x00007ff726bcd800 JavaThread "Thread-2" daemon [_thread_blocked, id=40963, stack(0x00007000066ba000,0x00007000067ba000)]
  0x00007ff726bc6000 JavaThread "Thread-1" daemon [_thread_blocked, id=22531, stack(0x00007000065b7000,0x00007000066b7000)]
  0x00007ff726b28800 JavaThread "Attach Listener" daemon [_thread_blocked, id=42763, stack(0x00007000062ae000,0x00007000063ae000)]
  0x00007ff7270bb800 JavaThread "Service Thread" daemon [_thread_blocked, id=15363, stack(0x000070000607d000,0x000070000617d000)]
  0x00007ff72c809000 JavaThread "C1 CompilerThread3" daemon [_thread_blocked, id=15875, stack(0x0000700005f7a000,0x000070000607a000)]
  0x00007ff72c808800 JavaThread "C2 CompilerThread2" daemon [_thread_blocked, id=15107, stack(0x0000700005e77000,0x0000700005f77000)]
  0x00007ff7270aa800 JavaThread "C2 CompilerThread1" daemon [_thread_in_native, id=16387, stack(0x0000700005d74000,0x0000700005e74000)]
  0x00007ff7270aa000 JavaThread "C2 CompilerThread0" daemon [_thread_blocked, id=14339, stack(0x0000700005c71000,0x0000700005d71000)]
  0x00007ff7270a7000 JavaThread "Monitor Ctrl-Break" daemon [_thread_in_native, id=14083, stack(0x0000700005b6e000,0x0000700005c6e000)]
  0x00007ff72801e000 JavaThread "Signal Dispatcher" daemon [_thread_blocked, id=13827, stack(0x0000700005a6b000,0x0000700005b6b000)]
  0x00007ff729809800 JavaThread "Finalizer" daemon [_thread_blocked, id=18691, stack(0x0000700005862000,0x0000700005962000)]
  0x00007ff728010800 JavaThread "Reference Handler" daemon [_thread_blocked, id=18947, stack(0x000070000575f000,0x000070000585f000)]
  0x00007ff729809000 JavaThread "Render thread" [_thread_blocked, id=775, stack(0x00007ffee0f11000,0x00007ffee1711000)]

Other Threads:
  0x00007ff72680e000 VMThread [stack: 0x000070000565c000,0x000070000575c000] [id=19459]
  0x00007ff7270bc800 WatcherThread [stack: 0x0000700006180000,0x0000700006280000] [id=22019]

VM state:not at safepoint (normal execution)

VM Mutex/Monitor currently owned by a thread: None

heap address: 0x00000006c0000000, size: 4096 MB, Compressed Oops mode: Zero based, Oop shift amount: 3
Narrow klass base: 0x0000000000000000, Narrow klass shift: 3
Compressed class space size: 1073741824 Address: 0x00000007c0000000

Heap:
 PSYoungGen      total 1287168K, used 995168K [0x000000076ab00000, 0x00000007c0000000, 0x00000007c0000000)
  eden space 1189888K, 77% used [0x000000076ab00000,0x00000007a29f9758,0x00000007b3500000)
  from space 97280K, 80% used [0x00000007ba100000,0x00000007beddea90,0x00000007c0000000)
  to   space 103936K, 0% used [0x00000007b3500000,0x00000007b3500000,0x00000007b9a80000)
 ParOldGen       total 591360K, used 354584K [0x00000006c0000000, 0x00000006e4180000, 0x000000076ab00000)
  object space 591360K, 59% used [0x00000006c0000000,0x00000006d5a460e0,0x00000006e4180000)
 Metaspace       used 98630K, capacity 111922K, committed 112000K, reserved 1144832K
  class space    used 14322K, capacity 17528K, committed 17536K, reserved 1048576K

Card table byte_map: [0x000000011f79d000,0x000000011ff9e000] byte_map_base: 0x000000011c19d000

Marking Bits: (ParMarkBitMap*) 0x000000011010fdf8
 Begin Bits: [0x00000001204f4000, 0x00000001244f4000)
 End Bits:   [0x00000001244f4000, 0x00000001284f4000)

Polling page: 0x000000010e55e000

CodeCache: size=245760Kb used=60785Kb max_used=61149Kb free=184974Kb
 bounds [0x00000001103dd000, 0x0000000113ffd000, 0x000000011f3dd000]
 total_blobs=19426 nmethods=17658 adapters=1677
 compilation: enabled

Compilation events (10 events):
Event: 136.187 Thread 0x00007ff7270aa000 25671       4       io.netty.buffer.AbstractByteBuf::checkReadableBytes0 (66 bytes)
Event: 136.187 Thread 0x00007ff7270aa000 nmethod 25671 0x0000000110ea5b50 code [0x0000000110ea5ca0, 0x0000000110ea5d78]
Event: 136.189 Thread 0x00007ff7270aa000 25674       4       io.netty.buffer.AbstractByteBuf::ensureWritable0 (101 bytes)
Event: 136.190 Thread 0x00007ff72c808800 nmethod 25637 0x00000001126a7e50 code [0x00000001126a8640, 0x00000001126aee20]
Event: 136.192 Thread 0x00007ff7270aa000 nmethod 25674 0x00000001112c5410 code [0x00000001112c5580, 0x00000001112c5738]
Event: 136.192 Thread 0x00007ff7270aa000 25664       4       java.lang.ref.WeakReference::<init> (6 bytes)
Event: 136.192 Thread 0x00007ff72c808800 25669       4       java.util.concurrent.CompletableFuture::thenAccept (7 bytes)
Event: 136.192 Thread 0x00007ff7270aa000 nmethod 25664 0x0000000110643950 code [0x0000000110643aa0, 0x0000000110643b78]
Event: 136.196 Thread 0x00007ff72c808800 nmethod 25669 0x0000000111477e10 code [0x0000000111477fc0, 0x0000000111478300]
Event: 136.206 Thread 0x00007ff72c809000 25679       3       java.util.logging.LogManager$LoggerContext::ensureDefaultLogger (70 bytes)

GC Heap History (10 events):
Event: 45.429 GC heap before
{Heap before GC invocations=68 (full 4):
 PSYoungGen      total 1335296K, used 1281918K [0x000000076ab00000, 0x00000007c0000000, 0x00000007c0000000)
  eden space 1276928K, 100% used [0x000000076ab00000,0x00000007b8a00000,0x00000007b8a00000)
  from space 58368K, 8% used [0x00000007b8a00000,0x00000007b8edf830,0x00000007bc300000)
  to   space 62464K, 0% used [0x00000007bc300000,0x00000007bc300000,0x00000007c0000000)
 ParOldGen       total 591360K, used 340253K [0x00000006c0000000, 0x00000006e4180000, 0x000000076ab00000)
  object space 591360K, 57% used [0x00000006c0000000,0x00000006d4c476b0,0x00000006e4180000)
 Metaspace       used 96140K, capacity 108740K, committed 108800K, reserved 1140736K
  class space    used 14065K, capacity 17147K, committed 17152K, reserved 1048576K
Event: 45.478 GC heap after
Heap after GC invocations=68 (full 4):
 PSYoungGen      total 1289216K, used 62454K [0x000000076ab00000, 0x00000007c0000000, 0x00000007c0000000)
  eden space 1226752K, 0% used [0x000000076ab00000,0x000000076ab00000,0x00000007b5900000)
  from space 62464K, 99% used [0x00000007bc300000,0x00000007bfffd890,0x00000007c0000000)
  to   space 85504K, 0% used [0x00000007b5900000,0x00000007b5900000,0x00000007bac80000)
 ParOldGen       total 591360K, used 354272K [0x00000006c0000000, 0x00000006e4180000, 0x000000076ab00000)
  object space 591360K, 59% used [0x00000006c0000000,0x00000006d59f80e0,0x00000006e4180000)
 Metaspace       used 96140K, capacity 108740K, committed 108800K, reserved 1140736K
  class space    used 14065K, capacity 17147K, committed 17152K, reserved 1048576K
}
Event: 55.953 GC heap before
{Heap before GC invocations=69 (full 4):
 PSYoungGen      total 1289216K, used 1289206K [0x000000076ab00000, 0x00000007c0000000, 0x00000007c0000000)
  eden space 1226752K, 100% used [0x000000076ab00000,0x00000007b5900000,0x00000007b5900000)
  from space 62464K, 99% used [0x00000007bc300000,0x00000007bfffd890,0x00000007c0000000)
  to   space 85504K, 0% used [0x00000007b5900000,0x00000007b5900000,0x00000007bac80000)
 ParOldGen       total 591360K, used 354272K [0x00000006c0000000, 0x00000006e4180000, 0x000000076ab00000)
  object space 591360K, 59% used [0x00000006c0000000,0x00000006d59f80e0,0x00000006e4180000)
 Metaspace       used 97588K, capacity 110582K, committed 110848K, reserved 1142784K
  class space    used 14196K, capacity 17330K, committed 17408K, reserved 1048576K
Event: 55.965 GC heap after
Heap after GC invocations=69 (full 4):
 PSYoungGen      total 1291264K, used 64373K [0x000000076ab00000, 0x00000007c0000000, 0x00000007c0000000)
  eden space 1226752K, 0% used [0x000000076ab00000,0x000000076ab00000,0x00000007b5900000)
  from space 64512K, 99% used [0x00000007b5900000,0x00000007b97dd578,0x00000007b9800000)
  to   space 89600K, 0% used [0x00000007ba880000,0x00000007ba880000,0x00000007c0000000)
 ParOldGen       total 591360K, used 354368K [0x00000006c0000000, 0x00000006e4180000, 0x000000076ab00000)
  object space 591360K, 59% used [0x00000006c0000000,0x00000006d5a100e0,0x00000006e4180000)
 Metaspace       used 97588K, capacity 110582K, committed 110848K, reserved 1142784K
  class space    used 14196K, capacity 17330K, committed 17408K, reserved 1048576K
}
Event: 62.211 GC heap before
{Heap before GC invocations=70 (full 4):
 PSYoungGen      total 1291264K, used 1291125K [0x000000076ab00000, 0x00000007c0000000, 0x00000007c0000000)
  eden space 1226752K, 100% used [0x000000076ab00000,0x00000007b5900000,0x00000007b5900000)
  from space 64512K, 99% used [0x00000007b5900000,0x00000007b97dd578,0x00000007b9800000)
  to   space 89600K, 0% used [0x00000007ba880000,0x00000007ba880000,0x00000007c0000000)
 ParOldGen       total 591360K, used 354368K [0x00000006c0000000, 0x00000006e4180000, 0x000000076ab00000)
  object space 591360K, 59% used [0x00000006c0000000,0x00000006d5a100e0,0x00000006e4180000)
 Metaspace       used 98082K, capacity 111222K, committed 111488K, reserved 1142784K
  class space    used 14283K, capacity 17476K, committed 17536K, reserved 1048576K
Event: 62.224 GC heap after
Heap after GC invocations=70 (full 4):
 PSYoungGen      total 1299968K, used 65043K [0x000000076ab00000, 0x00000007c0000000, 0x00000007c0000000)
  eden space 1210368K, 0% used [0x000000076ab00000,0x000000076ab00000,0x00000007b4900000)
  from space 89600K, 72% used [0x00000007ba880000,0x00000007be804dc8,0x00000007c0000000)
  to   space 93696K, 0% used [0x00000007b4900000,0x00000007b4900000,0x00000007ba480000)
 ParOldGen       total 591360K, used 354376K [0x00000006c0000000, 0x00000006e4180000, 0x000000076ab00000)
  object space 591360K, 59% used [0x00000006c0000000,0x00000006d5a120e0,0x00000006e4180000)
 Metaspace       used 98082K, capacity 111222K, committed 111488K, reserved 1142784K
  class space    used 14283K, capacity 17476K, committed 17536K, reserved 1048576K
}
Event: 87.043 GC heap before
{Heap before GC invocations=71 (full 4):
 PSYoungGen      total 1299968K, used 1275411K [0x000000076ab00000, 0x00000007c0000000, 0x00000007c0000000)
  eden space 1210368K, 100% used [0x000000076ab00000,0x00000007b4900000,0x00000007b4900000)
  from space 89600K, 72% used [0x00000007ba880000,0x00000007be804dc8,0x00000007c0000000)
  to   space 93696K, 0% used [0x00000007b4900000,0x00000007b4900000,0x00000007ba480000)
 ParOldGen       total 591360K, used 354376K [0x00000006c0000000, 0x00000006e4180000, 0x000000076ab00000)
  object space 591360K, 59% used [0x00000006c0000000,0x00000006d5a120e0,0x00000006e4180000)
 Metaspace       used 98356K, capacity 111536K, committed 111744K, reserved 1142784K
  class space    used 14309K, capacity 17511K, committed 17536K, reserved 1048576K
Event: 87.062 GC heap after
Heap after GC invocations=71 (full 4):
 PSYoungGen      total 1278976K, used 68218K [0x000000076ab00000, 0x00000007c0000000, 0x00000007c0000000)
  eden space 1210368K, 0% used [0x000000076ab00000,0x000000076ab00000,0x00000007b4900000)
  from space 68608K, 99% used [0x00000007b4900000,0x00000007b8b9ea40,0x00000007b8c00000)
  to   space 97280K, 0% used [0x00000007ba100000,0x00000007ba100000,0x00000007c0000000)
 ParOldGen       total 591360K, used 354384K [0x00000006c0000000, 0x00000006e4180000, 0x000000076ab00000)
  object space 591360K, 59% used [0x00000006c0000000,0x00000006d5a140e0,0x00000006e4180000)
 Metaspace       used 98356K, capacity 111536K, committed 111744K, reserved 1142784K
  class space    used 14309K, capacity 17511K, committed 17536K, reserved 1048576K
}
Event: 132.794 GC heap before
{Heap before GC invocations=72 (full 4):
 PSYoungGen      total 1278976K, used 1278586K [0x000000076ab00000, 0x00000007c0000000, 0x00000007c0000000)
  eden space 1210368K, 100% used [0x000000076ab00000,0x00000007b4900000,0x00000007b4900000)
  from space 68608K, 99% used [0x00000007b4900000,0x00000007b8b9ea40,0x00000007b8c00000)
  to   space 97280K, 0% used [0x00000007ba100000,0x00000007ba100000,0x00000007c0000000)
 ParOldGen       total 591360K, used 354384K [0x00000006c0000000, 0x00000006e4180000, 0x000000076ab00000)
  object space 591360K, 59% used [0x00000006c0000000,0x00000006d5a140e0,0x00000006e4180000)
 Metaspace       used 98455K, capacity 111742K, committed 112000K, reserved 1144832K
  class space    used 14310K, capacity 17514K, committed 17536K, reserved 1048576K
Event: 132.814 GC heap after
Heap after GC invocations=72 (full 4):
 PSYoungGen      total 1287168K, used 78714K [0x000000076ab00000, 0x00000007c0000000, 0x00000007c0000000)
  eden space 1189888K, 0% used [0x000000076ab00000,0x000000076ab00000,0x00000007b3500000)
  from space 97280K, 80% used [0x00000007ba100000,0x00000007beddea90,0x00000007c0000000)
  to   space 103936K, 0% used [0x00000007b3500000,0x00000007b3500000,0x00000007b9a80000)
 ParOldGen       total 591360K, used 354584K [0x00000006c0000000, 0x00000006e4180000, 0x000000076ab00000)
  object space 591360K, 59% used [0x00000006c0000000,0x00000006d5a460e0,0x00000006e4180000)
 Metaspace       used 98455K, capacity 111742K, committed 112000K, reserved 1144832K
  class space    used 14310K, capacity 17514K, committed 17536K, reserved 1048576K
}

Deoptimization events (10 events):
Event: 136.180 Thread 0x00007ff71f24d800 Uncommon trap: reason=unstable_if action=reinterpret pc=0x000000011377be9c method=java.util.concurrent.SynchronousQueue$TransferStack.awaitFulfill(Ljava/util/concurrent/SynchronousQueue$TransferStack$SNode;ZJ)Ljava/util/concurrent/SynchronousQueue$Transfe
Event: 136.180 Thread 0x00007ff732594000 Uncommon trap: reason=unstable_if action=reinterpret pc=0x000000011377be9c method=java.util.concurrent.SynchronousQueue$TransferStack.awaitFulfill(Ljava/util/concurrent/SynchronousQueue$TransferStack$SNode;ZJ)Ljava/util/concurrent/SynchronousQueue$Transfe
Event: 136.180 Thread 0x00007ff72cb33800 Uncommon trap: reason=unstable_if action=reinterpret pc=0x0000000112e3b89c method=java.util.concurrent.SynchronousQueue$TransferStack.awaitFulfill(Ljava/util/concurrent/SynchronousQueue$TransferStack$SNode;ZJ)Ljava/util/concurrent/SynchronousQueue$Transfe
Event: 136.181 Thread 0x00007ff729809000 Uncommon trap: reason=unstable_if action=reinterpret pc=0x000000011230bf50 method=java.util.concurrent.ThreadPoolExecutor.runStateAtLeast(II)Z @ 2
Event: 136.205 Thread 0x00007ff7305e4000 Uncommon trap: reason=speculate_class_check action=maybe_recompile pc=0x00000001112c5654 method=io.netty.buffer.AbstractByteBuf.ensureWritable0(I)V @ 6
Event: 136.205 Thread 0x00007ff7305e4000 Uncommon trap: reason=speculate_class_check action=maybe_recompile pc=0x00000001112c5654 method=io.netty.buffer.AbstractByteBuf.ensureWritable0(I)V @ 6
Event: 136.206 Thread 0x00007ff726b3a800 Uncommon trap: reason=speculate_class_check action=maybe_recompile pc=0x00000001112c5654 method=io.netty.buffer.AbstractByteBuf.ensureWritable0(I)V @ 6
Event: 136.206 Thread 0x00007ff726b3a800 Uncommon trap: reason=speculate_class_check action=maybe_recompile pc=0x00000001112c5654 method=io.netty.buffer.AbstractByteBuf.ensureWritable0(I)V @ 6
Event: 136.206 Thread 0x00007ff72735c000 Uncommon trap: reason=unstable_if action=reinterpret pc=0x000000011179c2c4 method=sun.nio.cs.StreamEncoder.implFlushBuffer()V @ 7
Event: 136.206 Thread 0x00007ff71f24d800 Uncommon trap: reason=class_check action=maybe_recompile pc=0x0000000112a97908 method=org.apache.logging.log4j.spi.AbstractLogger.logIfEnabled(Ljava/lang/String;Lorg/apache/logging/log4j/Level;Lorg/apache/logging/log4j/Marker;Ljava/lang/String;Ljava/lang/

Classes redefined (0 events):
No events

Internal exceptions (10 events):
Event: 135.586 Thread 0x00007ff727585800 Exception <a 'sun/nio/fs/UnixException'> (0x000000079cb1af90) thrown at [/Users/jenkins/workspace/build-scripts/jobs/jdk8u/jdk8u-mac-x64-hotspot/workspace/build/src/hotspot/src/share/vm/prims/jni.cpp, line 711]
Event: 135.586 Thread 0x00007ff727585800 Exception <a 'sun/nio/fs/UnixException'> (0x000000079cb1bac0) thrown at [/Users/jenkins/workspace/build-scripts/jobs/jdk8u/jdk8u-mac-x64-hotspot/workspace/build/src/hotspot/src/share/vm/prims/jni.cpp, line 711]
Event: 135.587 Thread 0x00007ff727585800 Exception <a 'sun/nio/fs/UnixException'> (0x000000079cb1c3f8) thrown at [/Users/jenkins/workspace/build-scripts/jobs/jdk8u/jdk8u-mac-x64-hotspot/workspace/build/src/hotspot/src/share/vm/prims/jni.cpp, line 711]
Event: 135.587 Thread 0x00007ff727585800 Exception <a 'sun/nio/fs/UnixException'> (0x000000079cb2bc08) thrown at [/Users/jenkins/workspace/build-scripts/jobs/jdk8u/jdk8u-mac-x64-hotspot/workspace/build/src/hotspot/src/share/vm/prims/jni.cpp, line 711]
Event: 135.587 Thread 0x00007ff727585800 Exception <a 'sun/nio/fs/UnixException'> (0x000000079cb2c748) thrown at [/Users/jenkins/workspace/build-scripts/jobs/jdk8u/jdk8u-mac-x64-hotspot/workspace/build/src/hotspot/src/share/vm/prims/jni.cpp, line 711]
Event: 135.587 Thread 0x00007ff727585800 Exception <a 'sun/nio/fs/UnixException'> (0x000000079cb2d090) thrown at [/Users/jenkins/workspace/build-scripts/jobs/jdk8u/jdk8u-mac-x64-hotspot/workspace/build/src/hotspot/src/share/vm/prims/jni.cpp, line 711]
Event: 135.944 Thread 0x00007ff72c666800 Implicit null exception at 0x000000011377841b to 0x0000000113779109
Event: 136.123 Thread 0x00007ff7282b2800 Implicit null exception at 0x0000000113a3a304 to 0x0000000113a3ab5d
Event: 136.126 Thread 0x00007ff726b3a800 Implicit null exception at 0x0000000113538a84 to 0x00000001135394bd
Event: 136.180 Thread 0x00007ff726efd000 Exception <a 'java/lang/InterruptedException'> (0x00000007a1b26860) thrown at [/Users/jenkins/workspace/build-scripts/jobs/jdk8u/jdk8u-mac-x64-hotspot/workspace/build/src/hotspot/src/share/vm/runtime/objectMonitor.cpp, line 1503]

Events (10 events):
Event: 136.206 Thread 0x00007ff726b3a800 DEOPT UNPACKING pc=0x000000011042247a sp=0x000070000828f618 mode 2
Event: 136.206 Thread 0x00007ff72735c000 Uncommon trap: trap_request=0xffffff65 fr.pc=0x000000011179c2c4
Event: 136.206 Thread 0x00007ff72735c000 DEOPT PACKING pc=0x000000011179c2c4 sp=0x000070000693f850
Event: 136.206 Thread 0x00007ff72735c000 DEOPT UNPACKING pc=0x000000011042247a sp=0x000070000693f710 mode 2
Event: 136.206 Thread 0x00007ff71f24d800 Uncommon trap: trap_request=0xffffffde fr.pc=0x0000000112a97908
Event: 136.206 Thread 0x00007ff71f24d800 DEOPT PACKING pc=0x0000000112a97908 sp=0x00007000064b06a0
Event: 136.206 Thread 0x00007ff71f24d800 DEOPT UNPACKING pc=0x000000011042247a sp=0x00007000064b06e0 mode 2
Event: 136.206 loading class java/util/WeakHashMap$HashIterator
Event: 136.206 Thread 0x00007ff72735c000 Thread exited: 0x00007ff72735c000
Event: 136.206 Thread 0x00007ff72ea7e800 Thread exited: 0x00007ff72ea7e800


Dynamic libraries:
0x00007fff3486e000 	/System/Library/Frameworks/Cocoa.framework/Versions/A/Cocoa
0x00007fff42067000 	/System/Library/Frameworks/Security.framework/Versions/A/Security
0x00007fff337d3000 	/System/Library/Frameworks/ApplicationServices.framework/Versions/A/ApplicationServices
0x00007fff6eb8b000 	/usr/lib/libz.1.dylib
0x00007fff6c64f000 	/usr/lib/libSystem.B.dylib
0x00007fff35710000 	/System/Library/Frameworks/CoreFoundation.framework/Versions/A/CoreFoundation
0x00007fff37dcd000 	/System/Library/Frameworks/Foundation.framework/Versions/C/Foundation
0x00007fff6e4af000 	/usr/lib/libobjc.A.dylib
0x00007fff329c3000 	/System/Library/Frameworks/AppKit.framework/Versions/C/AppKit
0x00007fff351f2000 	/System/Library/Frameworks/CoreData.framework/Versions/A/CoreData
0x00007fff66664000 	/System/Library/PrivateFrameworks/UIFoundation.framework/Versions/A/UIFoundation
0x00007fff616f8000 	/System/Library/PrivateFrameworks/RemoteViewServices.framework/Versions/A/RemoteViewServices
0x00007fff691bf000 	/System/Library/PrivateFrameworks/XCTTargetBootstrap.framework/Versions/A/XCTTargetBootstrap
0x00007fff355dd000 	/System/Library/Frameworks/CoreDisplay.framework/Versions/A/CoreDisplay
0x00007fff3ac88000 	/System/Library/Frameworks/Metal.framework/Versions/A/Metal
0x00007fff4f6fb000 	/System/Library/PrivateFrameworks/DesktopServicesPriv.framework/Versions/A/DesktopServicesPriv
0x00007fff6d78a000 	/usr/lib/liblangid.dylib
0x00007fff4e990000 	/System/Library/PrivateFrameworks/CoreSVG.framework/Versions/A/CoreSVG
0x00007fff64854000 	/System/Library/PrivateFrameworks/SkyLight.framework/Versions/A/SkyLight
0x00007fff35b91000 	/System/Library/Frameworks/CoreGraphics.framework/Versions/A/CoreGraphics
0x00007fff31397000 	/System/Library/Frameworks/Accelerate.framework/Versions/A/Accelerate
0x00007fff6ea7c000 	/usr/lib/libxml2.2.dylib
0x00007fff5a683000 	/System/Library/PrivateFrameworks/IconServices.framework/Versions/A/IconServices
0x00007fff385ac000 	/System/Library/Frameworks/IOSurface.framework/Versions/A/IOSurface
0x00007fff6c179000 	/usr/lib/libDiagnosticMessagesClient.dylib
0x00007fff4f555000 	/System/Library/PrivateFrameworks/DFRFoundation.framework/Versions/A/DFRFoundation
0x00007fff6d519000 	/usr/lib/libicucore.A.dylib
0x00007fff33b05000 	/System/Library/Frameworks/AudioToolbox.framework/Versions/A/AudioToolbox
0x00007fff33be8000 	/System/Library/Frameworks/AudioUnit.framework/Versions/A/AudioUnit
0x00007fff6c851000 	/usr/lib/libauto.dylib
0x00007fff4f5f7000 	/System/Library/PrivateFrameworks/DataDetectorsCore.framework/Versions/A/DataDetectorsCore
0x00007fff3438f000 	/System/Library/Frameworks/Carbon.framework/Versions/A/Frameworks/HIToolbox.framework/Versions/A/HIToolbox
0x00007fff41261000 	/System/Library/Frameworks/QuartzCore.framework/Versions/A/QuartzCore
0x00007fff346ce000 	/System/Library/Frameworks/Carbon.framework/Versions/A/Frameworks/SpeechRecognition.framework/Versions/A/SpeechRecognition
0x00007fff4f069000 	/System/Library/PrivateFrameworks/CoreUI.framework/Versions/A/CoreUI
0x00007fff34c5d000 	/System/Library/Frameworks/CoreAudio.framework/Versions/A/CoreAudio
0x00007fff37a8c000 	/System/Library/Frameworks/DiskArbitration.framework/Versions/A/DiskArbitration
0x00007fff5c6d3000 	/System/Library/PrivateFrameworks/MultitouchSupport.framework/Versions/A/MultitouchSupport
0x00007fff6d3e0000 	/usr/lib/libenergytrace.dylib
0x00007fff38506000 	/System/Library/Frameworks/IOKit.framework/Versions/A/IOKit
0x00007fff36af8000 	/System/Library/Frameworks/CoreServices.framework/Versions/A/CoreServices
0x00007fff5e88b000 	/System/Library/PrivateFrameworks/PerformanceAnalysis.framework/Versions/A/PerformanceAnalysis
0x00007fff40294000 	/System/Library/Frameworks/OpenGL.framework/Versions/A/OpenGL
0x00007fff3487c000 	/System/Library/Frameworks/ColorSync.framework/Versions/A/ColorSync
0x00007fff36214000 	/System/Library/Frameworks/CoreImage.framework/Versions/A/CoreImage
0x00007fff3756b000 	/System/Library/Frameworks/CoreText.framework/Versions/A/CoreText
0x00007fff3863c000 	/System/Library/Frameworks/ImageIO.framework/Versions/A/ImageIO
0x00007fff6c935000 	/usr/lib/libc++.1.dylib
0x00007fff6c9b1000 	/usr/lib/libcompression.dylib
0x00007fff6c4bd000 	/usr/lib/libMobileGestalt.dylib
0x00007fff663ce000 	/System/Library/PrivateFrameworks/TextureIO.framework/Versions/A/TextureIO
0x00007fff6c7b4000 	/usr/lib/libate.dylib
0x00007fff5a88c000 	/System/Library/PrivateFrameworks/InternationalSupport.framework/Versions/A/InternationalSupport
0x00007fff6f44c000 	/usr/lib/system/libcache.dylib
0x00007fff6f452000 	/usr/lib/system/libcommonCrypto.dylib
0x00007fff6f45e000 	/usr/lib/system/libcompiler_rt.dylib
0x00007fff6f466000 	/usr/lib/system/libcopyfile.dylib
0x00007fff6f470000 	/usr/lib/system/libcorecrypto.dylib
0x00007fff6f60f000 	/usr/lib/system/libdispatch.dylib
0x00007fff6f650000 	/usr/lib/system/libdyld.dylib
0x00007fff6f687000 	/usr/lib/system/libkeymgr.dylib
0x00007fff6f695000 	/usr/lib/system/liblaunch.dylib
0x00007fff6f696000 	/usr/lib/system/libmacho.dylib
0x00007fff6f69c000 	/usr/lib/system/libquarantine.dylib
0x00007fff6f69f000 	/usr/lib/system/libremovefile.dylib
0x00007fff6f6a1000 	/usr/lib/system/libsystem_asl.dylib
0x00007fff6f6b9000 	/usr/lib/system/libsystem_blocks.dylib
0x00007fff6f6ba000 	/usr/lib/system/libsystem_c.dylib
0x00007fff6f742000 	/usr/lib/system/libsystem_configuration.dylib
0x00007fff6f746000 	/usr/lib/system/libsystem_coreservices.dylib
0x00007fff6f74a000 	/usr/lib/system/libsystem_darwin.dylib
0x00007fff6f753000 	/usr/lib/system/libsystem_dnssd.dylib
0x00007fff6f75b000 	/usr/lib/system/libsystem_featureflags.dylib
0x00007fff6f75d000 	/usr/lib/system/libsystem_info.dylib
0x00007fff6f7d8000 	/usr/lib/system/libsystem_m.dylib
0x00007fff6f820000 	/usr/lib/system/libsystem_malloc.dylib
0x00007fff6f848000 	/usr/lib/system/libsystem_networkextension.dylib
0x00007fff6f856000 	/usr/lib/system/libsystem_notify.dylib
0x00007fff6f874000 	/usr/lib/system/libsystem_sandbox.dylib
0x00007fff6f879000 	/usr/lib/system/libsystem_secinit.dylib
0x00007fff6f7ab000 	/usr/lib/system/libsystem_kernel.dylib
0x00007fff6f860000 	/usr/lib/system/libsystem_platform.dylib
0x00007fff6f869000 	/usr/lib/system/libsystem_pthread.dylib
0x00007fff6f87c000 	/usr/lib/system/libsystem_symptoms.dylib
0x00007fff6f884000 	/usr/lib/system/libsystem_trace.dylib
0x00007fff6f89c000 	/usr/lib/system/libunwind.dylib
0x00007fff6f8a2000 	/usr/lib/system/libxpc.dylib
0x00007fff6c988000 	/usr/lib/libc++abi.dylib
0x00007fff6d78c000 	/usr/lib/liblzma.5.dylib
0x00007fff6d407000 	/usr/lib/libfakelink.dylib
0x00007fff6c741000 	/usr/lib/libarchive.2.dylib
0x00007fff43118000 	/System/Library/Frameworks/SystemConfiguration.framework/Versions/A/SystemConfiguration
0x00007fff6c0ac000 	/usr/lib/libCRFSuite.dylib
0x00007fff33f7f000 	/System/Library/Frameworks/CFNetwork.framework/Versions/A/CFNetwork
0x00007fff6c917000 	/usr/lib/libbsm.0.dylib
0x00007fff6f688000 	/usr/lib/system/libkxld.dylib
0x00007fff48ed2000 	/System/Library/PrivateFrameworks/AppleFSCompression.framework/Versions/A/AppleFSCompression
0x00007fff6cca2000 	/usr/lib/libcoretls.dylib
0x00007fff6ccb9000 	/usr/lib/libcoretls_cfhelpers.dylib
0x00007fff6e4f5000 	/usr/lib/libpam.2.dylib
0x00007fff6e62a000 	/usr/lib/libsqlite3.dylib
0x00007fff6ea69000 	/usr/lib/libxar.1.dylib
0x00007fff6c928000 	/usr/lib/libbz2.1.0.dylib
0x00007fff6d428000 	/usr/lib/libiconv.2.dylib
0x00007fff6c99e000 	/usr/lib/libcharset.1.dylib
0x00007fff6df92000 	/usr/lib/libnetwork.dylib
0x00007fff6e4fc000 	/usr/lib/libpcap.A.dylib
0x00007fff6c6f6000 	/usr/lib/libapple_nghttp2.dylib
0x00007fff36eaf000 	/System/Library/Frameworks/CoreServices.framework/Versions/A/Frameworks/FSEvents.framework/Versions/A/FSEvents
0x00007fff36b7f000 	/System/Library/Frameworks/CoreServices.framework/Versions/A/Frameworks/CarbonCore.framework/Versions/A/CarbonCore
0x00007fff370f3000 	/System/Library/Frameworks/CoreServices.framework/Versions/A/Frameworks/Metadata.framework/Versions/A/Metadata
0x00007fff3718c000 	/System/Library/Frameworks/CoreServices.framework/Versions/A/Frameworks/OSServices.framework/Versions/A/OSServices
0x00007fff371ba000 	/System/Library/Frameworks/CoreServices.framework/Versions/A/Frameworks/SearchKit.framework/Versions/A/SearchKit
0x00007fff36af9000 	/System/Library/Frameworks/CoreServices.framework/Versions/A/Frameworks/AE.framework/Versions/A/AE
0x00007fff36eb8000 	/System/Library/Frameworks/CoreServices.framework/Versions/A/Frameworks/LaunchServices.framework/Versions/A/LaunchServices
0x00007fff36e61000 	/System/Library/Frameworks/CoreServices.framework/Versions/A/Frameworks/DictionaryServices.framework/Versions/A/DictionaryServices
0x00007fff37222000 	/System/Library/Frameworks/CoreServices.framework/Versions/A/Frameworks/SharedFileList.framework/Versions/A/SharedFileList
0x00007fff3c0b3000 	/System/Library/Frameworks/NetFS.framework/Versions/A/NetFS
0x00007fff5cc03000 	/System/Library/PrivateFrameworks/NetAuth.framework/Versions/A/NetAuth
0x00007fff6958c000 	/System/Library/PrivateFrameworks/login.framework/Versions/A/Frameworks/loginsupport.framework/Versions/A/loginsupport
0x00007fff65e99000 	/System/Library/PrivateFrameworks/TCC.framework/Versions/A/TCC
0x00007fff4db03000 	/System/Library/PrivateFrameworks/CoreNLP.framework/Versions/A/CoreNLP
0x00007fff5c100000 	/System/Library/PrivateFrameworks/MetadataUtilities.framework/Versions/A/MetadataUtilities
0x00007fff6d864000 	/usr/lib/libmecabra.dylib
0x00007fff6d7bc000 	/usr/lib/libmecab.dylib
0x00007fff6d418000 	/usr/lib/libgermantok.dylib
0x00007fff6c6dd000 	/usr/lib/libThaiTokenizer.dylib
0x00007fff6c0e3000 	/usr/lib/libChineseTokenizer.dylib
0x00007fff313af000 	/System/Library/Frameworks/Accelerate.framework/Versions/A/Frameworks/vImage.framework/Versions/A/vImage
0x00007fff32819000 	/System/Library/Frameworks/Accelerate.framework/Versions/A/Frameworks/vecLib.framework/Versions/A/vecLib
0x00007fff32756000 	/System/Library/Frameworks/Accelerate.framework/Versions/A/Frameworks/vecLib.framework/Versions/A/libvMisc.dylib
0x00007fff3257e000 	/System/Library/Frameworks/Accelerate.framework/Versions/A/Frameworks/vecLib.framework/Versions/A/libvDSP.dylib
0x00007fff31a06000 	/System/Library/Frameworks/Accelerate.framework/Versions/A/Frameworks/vecLib.framework/Versions/A/libBLAS.dylib
0x00007fff32142000 	/System/Library/Frameworks/Accelerate.framework/Versions/A/Frameworks/vecLib.framework/Versions/A/libLAPACK.dylib
0x00007fff324de000 	/System/Library/Frameworks/Accelerate.framework/Versions/A/Frameworks/vecLib.framework/Versions/A/libLinearAlgebra.dylib
0x00007fff3256b000 	/System/Library/Frameworks/Accelerate.framework/Versions/A/Frameworks/vecLib.framework/Versions/A/libSparseBLAS.dylib
0x00007fff324f4000 	/System/Library/Frameworks/Accelerate.framework/Versions/A/Frameworks/vecLib.framework/Versions/A/libQuadrature.dylib
0x00007fff31c6e000 	/System/Library/Frameworks/Accelerate.framework/Versions/A/Frameworks/vecLib.framework/Versions/A/libBNNS.dylib
0x00007fff324fa000 	/System/Library/Frameworks/Accelerate.framework/Versions/A/Frameworks/vecLib.framework/Versions/A/libSparse.dylib
0x00007fff5ac74000 	/System/Library/PrivateFrameworks/LanguageModeling.framework/Versions/A/LanguageModeling
0x00007fff4d4b3000 	/System/Library/PrivateFrameworks/CoreEmoji.framework/Versions/A/CoreEmoji
0x00007fff5ad92000 	/System/Library/PrivateFrameworks/LinguisticData.framework/Versions/A/LinguisticData
0x00007fff5ad43000 	/System/Library/PrivateFrameworks/Lexicon.framework/Versions/A/Lexicon
0x00007fff6c99f000 	/usr/lib/libcmph.dylib
0x00007fff3eca2000 	/System/Library/Frameworks/OpenDirectory.framework/Versions/A/Frameworks/CFOpenDirectory.framework/Versions/A/CFOpenDirectory
0x00007fff3ecbf000 	/System/Library/Frameworks/OpenDirectory.framework/Versions/A/OpenDirectory
0x00007fff47102000 	/System/Library/PrivateFrameworks/APFS.framework/Versions/A/APFS
0x00007fff423b1000 	/System/Library/Frameworks/SecurityFoundation.framework/Versions/A/SecurityFoundation
0x00007fff6ea65000 	/usr/lib/libutil.dylib
0x00007fff4e9e8000 	/System/Library/PrivateFrameworks/CoreServicesStore.framework/Versions/A/CoreServicesStore
0x00007fff42468000 	/System/Library/Frameworks/ServiceManagement.framework/Versions/A/ServiceManagement
0x00007fff4a6a2000 	/System/Library/PrivateFrameworks/BackgroundTaskManagement.framework/Versions/A/BackgroundTaskManagement
0x00007fff6eb62000 	/usr/lib/libxslt.1.dylib
0x00007fff49545000 	/System/Library/PrivateFrameworks/AppleSystemInfo.framework/Versions/A/AppleSystemInfo
0x00007fff38857000 	/System/Library/Frameworks/ImageIO.framework/Versions/A/Resources/libJPEG.dylib
0x00007fff38b16000 	/System/Library/Frameworks/ImageIO.framework/Versions/A/Resources/libTIFF.dylib
0x00007fff38af9000 	/System/Library/Frameworks/ImageIO.framework/Versions/A/Resources/libPng.dylib
0x00007fff38799000 	/System/Library/Frameworks/ImageIO.framework/Versions/A/Resources/libGIF.dylib
0x00007fff3879d000 	/System/Library/Frameworks/ImageIO.framework/Versions/A/Resources/libJP2.dylib
0x00007fff38b14000 	/System/Library/Frameworks/ImageIO.framework/Versions/A/Resources/libRadiance.dylib
0x00007fff6d3e1000 	/usr/lib/libexpat.1.dylib
0x00007fff4902d000 	/System/Library/PrivateFrameworks/AppleJPEG.framework/Versions/A/AppleJPEG
0x00007fff51ce8000 	/System/Library/PrivateFrameworks/FontServices.framework/libFontParser.dylib
0x00007fff6858e000 	/System/Library/PrivateFrameworks/WatchdogClient.framework/Versions/A/WatchdogClient
0x00007fff5a2cf000 	/System/Library/PrivateFrameworks/IOAccelerator.framework/Versions/A/IOAccelerator
0x00007fff3b023000 	/System/Library/Frameworks/MetalPerformanceShaders.framework/Versions/A/MetalPerformanceShaders
0x00007fff56a65000 	/System/Library/PrivateFrameworks/GPUWrangler.framework/Versions/A/GPUWrangler
0x00007fff5a2e4000 	/System/Library/PrivateFrameworks/IOPresentment.framework/Versions/A/IOPresentment
0x00007fff4f568000 	/System/Library/PrivateFrameworks/DSExternalDisplay.framework/Versions/A/DSExternalDisplay
0x00007fff3f633000 	/System/Library/Frameworks/OpenGL.framework/Versions/A/Libraries/libCoreFSCache.dylib
0x00007fff3ad6f000 	/System/Library/Frameworks/MetalPerformanceShaders.framework/Frameworks/MPSCore.framework/Versions/A/MPSCore
0x00007fff3adad000 	/System/Library/Frameworks/MetalPerformanceShaders.framework/Frameworks/MPSImage.framework/Versions/A/MPSImage
0x00007fff3ae74000 	/System/Library/Frameworks/MetalPerformanceShaders.framework/Frameworks/MPSNeuralNetwork.framework/Versions/A/MPSNeuralNetwork
0x00007fff3ae38000 	/System/Library/Frameworks/MetalPerformanceShaders.framework/Frameworks/MPSMatrix.framework/Versions/A/MPSMatrix
0x00007fff3afd3000 	/System/Library/Frameworks/MetalPerformanceShaders.framework/Frameworks/MPSRayIntersector.framework/Versions/A/MPSRayIntersector
0x00007fff3ae5e000 	/System/Library/Frameworks/MetalPerformanceShaders.framework/Frameworks/MPSNDArray.framework/Versions/A/MPSNDArray
0x00007fff5c14d000 	/System/Library/PrivateFrameworks/MetalTools.framework/Versions/A/MetalTools
0x00007fff482dc000 	/System/Library/PrivateFrameworks/AggregateDictionary.framework/Versions/A/AggregateDictionary
0x00007fff4cefb000 	/System/Library/PrivateFrameworks/CoreAnalytics.framework/Versions/A/CoreAnalytics
0x00007fff49464000 	/System/Library/PrivateFrameworks/AppleSauce.framework/Versions/A/AppleSauce
0x00007fff6c39f000 	/usr/lib/libIOReport.dylib
0x00007fff37723000 	/System/Library/Frameworks/CoreVideo.framework/Versions/A/CoreVideo
0x00007fff57ede000 	/System/Library/PrivateFrameworks/GraphVisualizer.framework/Versions/A/GraphVisualizer
0x00007fff5122e000 	/System/Library/PrivateFrameworks/FaceCore.framework/Versions/A/FaceCore
0x00007fff3ec49000 	/System/Library/Frameworks/OpenCL.framework/Versions/A/OpenCL
0x00007fff6c1c1000 	/usr/lib/libFosl_dynamic.dylib
0x00007fff5d623000 	/System/Library/PrivateFrameworks/OTSVG.framework/Versions/A/OTSVG
0x00007fff338d8000 	/System/Library/Frameworks/ApplicationServices.framework/Versions/A/Frameworks/ATS.framework/Versions/A/Resources/libFontRegistry.dylib
0x00007fff51eb9000 	/System/Library/PrivateFrameworks/FontServices.framework/libhvf.dylib
0x00007fff3f63e000 	/System/Library/Frameworks/OpenGL.framework/Versions/A/Libraries/libGFXShared.dylib
0x00007fff3f81c000 	/System/Library/Frameworks/OpenGL.framework/Versions/A/Libraries/libGLU.dylib
0x00007fff3f647000 	/System/Library/Frameworks/OpenGL.framework/Versions/A/Libraries/libGL.dylib
0x00007fff3f652000 	/System/Library/Frameworks/OpenGL.framework/Versions/A/Libraries/libGLImage.dylib
0x00007fff3f630000 	/System/Library/Frameworks/OpenGL.framework/Versions/A/Libraries/libCVMSPluginSupport.dylib
0x00007fff3f639000 	/System/Library/Frameworks/OpenGL.framework/Versions/A/Libraries/libCoreVMClient.dylib
0x00007fff6de33000 	/usr/lib/libncurses.5.4.dylib
0x00007fff337d4000 	/System/Library/Frameworks/ApplicationServices.framework/Versions/A/Frameworks/ATS.framework/Versions/A/ATS
0x00007fff339a1000 	/System/Library/Frameworks/ApplicationServices.framework/Versions/A/Frameworks/ColorSyncLegacy.framework/Versions/A/ColorSyncLegacy
0x00007fff33a3f000 	/System/Library/Frameworks/ApplicationServices.framework/Versions/A/Frameworks/HIServices.framework/Versions/A/HIServices
0x00007fff33a97000 	/System/Library/Frameworks/ApplicationServices.framework/Versions/A/Frameworks/LangAnalysis.framework/Versions/A/LangAnalysis
0x00007fff33aa6000 	/System/Library/Frameworks/ApplicationServices.framework/Versions/A/Frameworks/PrintCore.framework/Versions/A/PrintCore
0x00007fff33aec000 	/System/Library/Frameworks/ApplicationServices.framework/Versions/A/Frameworks/QD.framework/Versions/A/QD
0x00007fff33af7000 	/System/Library/Frameworks/ApplicationServices.framework/Versions/A/Frameworks/SpeechSynthesis.framework/Versions/A/SpeechSynthesis
0x00007fff33971000 	/System/Library/Frameworks/ApplicationServices.framework/Versions/A/Frameworks/ATSUI.framework/Versions/A/ATSUI
0x00007fff6d277000 	/usr/lib/libcups.2.dylib
0x00007fff3a0be000 	/System/Library/Frameworks/Kerberos.framework/Versions/A/Kerberos
0x00007fff381ff000 	/System/Library/Frameworks/GSS.framework/Versions/A/GSS
0x00007fff6e5b6000 	/usr/lib/libresolv.9.dylib
0x00007fff5808b000 	/System/Library/PrivateFrameworks/Heimdal.framework/Versions/A/Heimdal
0x00007fff3a0d1000 	/System/Library/Frameworks/Kerberos.framework/Versions/A/Libraries/libHeimdalProxy.dylib
0x00007fff6d41e000 	/usr/lib/libheimdal-asn1.dylib
0x00007fff4c393000 	/System/Library/PrivateFrameworks/CommonAuth.framework/Versions/A/CommonAuth
0x00007fff495e2000 	/System/Library/PrivateFrameworks/AssertionServices.framework/Versions/A/AssertionServices
0x00007fff4a185000 	/System/Library/PrivateFrameworks/AudioToolboxCore.framework/Versions/A/AudioToolboxCore
0x00007fff6923c000 	/System/Library/PrivateFrameworks/caulk.framework/Versions/A/caulk
0x00007fff4a74e000 	/System/Library/PrivateFrameworks/BaseBoard.framework/Versions/A/BaseBoard
0x00007fff61886000 	/System/Library/PrivateFrameworks/RunningBoardServices.framework/Versions/A/RunningBoardServices
0x00007fff5e897000 	/System/Library/PrivateFrameworks/PersistentConnection.framework/Versions/A/PersistentConnection
0x00007fff6127f000 	/System/Library/PrivateFrameworks/ProtocolBuffer.framework/Versions/A/ProtocolBuffer
0x00007fff4c3b7000 	/System/Library/PrivateFrameworks/CommonUtilities.framework/Versions/A/CommonUtilities
0x00007fff4a8dc000 	/System/Library/PrivateFrameworks/Bom.framework/Versions/A/Bom
0x00007fff6c072000 	/usr/lib/libAudioToolboxUtility.dylib
0x00007fff4a6ac000 	/System/Library/PrivateFrameworks/Backup.framework/Versions/A/Backup
0x00007fff4f489000 	/System/Library/PrivateFrameworks/CrashReporterSupport.framework/Versions/A/CrashReporterSupport
0x00007fff63318000 	/System/Library/PrivateFrameworks/Sharing.framework/Versions/A/Sharing
0x00007fff48bf0000 	/System/Library/PrivateFrameworks/Apple80211.framework/Versions/A/Apple80211
0x00007fff4a3c9000 	/System/Library/PrivateFrameworks/AuthKit.framework/Versions/A/AuthKit
0x00007fff4f196000 	/System/Library/PrivateFrameworks/CoreUtils.framework/Versions/A/CoreUtils
0x00007fff37768000 	/System/Library/Frameworks/CoreWLAN.framework/Versions/A/CoreWLAN
0x00007fff3838c000 	/System/Library/Frameworks/IOBluetooth.framework/Versions/A/IOBluetooth
0x00007fff5c452000 	/System/Library/PrivateFrameworks/MobileKeyBag.framework/Versions/A/MobileKeyBag
0x00007fff4df9b000 	/System/Library/PrivateFrameworks/CorePhoneNumbers.framework/Versions/A/CorePhoneNumbers
0x00007fff48fe0000 	/System/Library/PrivateFrameworks/AppleIDAuthSupport.framework/Versions/A/AppleIDAuthSupport
0x00007fff3c0c0000 	/System/Library/Frameworks/Network.framework/Versions/A/Network
0x00007fff5ab20000 	/System/Library/PrivateFrameworks/KeychainCircle.framework/Versions/A/KeychainCircle
0x00007fff351b9000 	/System/Library/Frameworks/CoreBluetooth.framework/Versions/A/CoreBluetooth
0x00007fff65397000 	/System/Library/PrivateFrameworks/SpeechRecognitionCore.framework/Versions/A/SpeechRecognitionCore
0x000000010fa00000 	/Library/Java/JavaVirtualMachines/adoptopenjdk-8.jdk/Contents/Home/jre/lib/server/libjvm.dylib
0x000000010e51a000 	/Library/Java/JavaVirtualMachines/adoptopenjdk-8.jdk/Contents/Home/jre/lib/libverify.dylib
0x000000010e52b000 	/Library/Java/JavaVirtualMachines/adoptopenjdk-8.jdk/Contents/Home/jre/lib/libjava.dylib
0x000000010e55f000 	/Library/Java/JavaVirtualMachines/adoptopenjdk-8.jdk/Contents/Home/jre/lib/libinstrument.dylib
0x000000010e5c7000 	/Library/Java/JavaVirtualMachines/adoptopenjdk-8.jdk/Contents/Home/jre/lib/libzip.dylib
0x000000012b4e6000 	/Library/Java/JavaVirtualMachines/adoptopenjdk-8.jdk/Contents/Home/jre/lib/libnio.dylib
0x000000012b4f8000 	/Library/Java/JavaVirtualMachines/adoptopenjdk-8.jdk/Contents/Home/jre/lib/libnet.dylib
0x000000012b518000 	/Library/Java/JavaVirtualMachines/adoptopenjdk-8.jdk/Contents/Home/jre/lib/libmanagement.dylib
0x000000012bb55000 	/Library/Java/JavaVirtualMachines/adoptopenjdk-8.jdk/Contents/Home/jre/lib/libsunec.dylib
0x00007fff6ea0a000 	/usr/lib/libusrtcp.dylib
0x000000012c3a9000 	/private/var/folders/fd/kcvtcbg53px3kpf8fdprmblm0000gn/T/lwjglnate/3.2.1-build-12/liblwjgl.dylib
0x000000012c3d4000 	/private/var/folders/fd/kcvtcbg53px3kpf8fdprmblm0000gn/T/lwjglnate/3.2.1-build-12/libjemalloc.dylib
0x000000012c63b000 	/private/var/folders/fd/kcvtcbg53px3kpf8fdprmblm0000gn/T/lwjglnate/3.2.1-build-12/libglfw.dylib
0x00007fff4e9b4000 	/System/Library/PrivateFrameworks/CoreServicesInternal.framework/Versions/A/CoreServicesInternal
0x00007fff37c87000 	/System/Library/Frameworks/FileProvider.framework/Versions/A/FileProvider
0x00007fff3281a000 	/System/Library/Frameworks/Accounts.framework/Versions/A/Accounts
0x00007fff56d8a000 	/System/Library/PrivateFrameworks/GenerationalStorage.framework/Versions/A/GenerationalStorage
0x00007fff4ef3b000 	/System/Library/PrivateFrameworks/CoreSymbolication.framework/Versions/A/CoreSymbolication
0x00007fff65bd9000 	/System/Library/PrivateFrameworks/SymptomDiagnosticReporter.framework/Versions/A/SymptomDiagnosticReporter
0x00007fff486f4000 	/System/Library/PrivateFrameworks/AppContainer.framework/Versions/A/AppContainer
0x00007fff6e5d0000 	/usr/lib/libsandbox.1.dylib
0x00007fff67532000 	/System/Library/PrivateFrameworks/UserManagement.framework/Versions/A/UserManagement
0x00007fff4b498000 	/System/Library/PrivateFrameworks/ChunkingLibrary.framework/Versions/A/ChunkingLibrary
0x00007fff4f6bd000 	/System/Library/PrivateFrameworks/DebugSymbols.framework/Versions/A/DebugSymbols
0x00007fff48766000 	/System/Library/PrivateFrameworks/AppSandbox.framework/Versions/A/AppSandbox
0x00007fff631a2000 	/System/Library/PrivateFrameworks/SecCodeWrapper.framework/Versions/A/SecCodeWrapper
0x00007fff6c487000 	/usr/lib/libMatch.1.dylib
0x00007fff31398000 	/System/Library/Frameworks/Accelerate.framework/Versions/A/Frameworks/vImage.framework/Versions/A/Libraries/libCGInterfaces.dylib
0x00007fff51e20000 	/System/Library/PrivateFrameworks/FontServices.framework/libTrueTypeScaler.dylib
0x00007fff2cc67000 	/System/Library/Extensions/AppleIntelICLGraphicsMTLDriver.bundle/Contents/MacOS/AppleIntelICLGraphicsMTLDriver
0x00007fff553aa000 	/System/Library/PrivateFrameworks/GPUCompiler.framework/Versions/3902/Libraries/libmetal_timestamp.dylib
0x00007fff682fe000 	/System/Library/PrivateFrameworks/ViewBridge.framework/Versions/A/ViewBridge
0x000000012f026000 	/usr/lib/libobjc-trampolines.dylib
0x00007fff6958f000 	/System/Library/PrivateFrameworks/login.framework/Versions/A/login
0x00007fff402a4000 	/System/Library/Frameworks/OpenGL.framework/Versions/A/Resources/GLEngine.bundle/GLEngine
0x00007fff3f687000 	/System/Library/Frameworks/OpenGL.framework/Versions/A/Libraries/libGLProgrammability.dylib
0x00007fff2bc53000 	/System/Library/Extensions/AppleIntelICLGraphicsGLDriver.bundle/Contents/MacOS/AppleIntelICLGraphicsGLDriver
0x00007fff56a59000 	/System/Library/PrivateFrameworks/GPUSupport.framework/Versions/A/Libraries/libGPUSupportMercury.dylib
0x00007fff4041e000 	/System/Library/Frameworks/OpenGL.framework/Versions/A/Resources/GLRendererFloat.bundle/GLRendererFloat
0x00007fff3ec40000 	/System/Library/Frameworks/OpenCL.framework/Versions/A/Libraries/libcldcpuengine.dylib
0x0000000130a76000 	/private/var/folders/fd/kcvtcbg53px3kpf8fdprmblm0000gn/T/lwjglnate/3.2.1-build-12/liblwjgl_stb.dylib
0x0000000130dcb000 	/private/var/folders/fd/kcvtcbg53px3kpf8fdprmblm0000gn/T/lwjglnate/3.2.1-build-12/liblwjgl_opengl.dylib
0x0000000135613000 	/private/var/folders/fd/kcvtcbg53px3kpf8fdprmblm0000gn/T/jna-3373924/jna2381567790481833061.tmp
0x00007fff3a0b9000 	/System/Library/Frameworks/JavaVM.framework/Versions/A/JavaVM
0x00007fff5a937000 	/System/Library/PrivateFrameworks/JavaLaunching.framework/Versions/A/JavaLaunching
0x0000000135629000 	/private/var/folders/fd/kcvtcbg53px3kpf8fdprmblm0000gn/T/libjcocoa8851198198141853754.dylib
0x00007fff3a0a8000 	/System/Library/Frameworks/JavaVM.framework/Versions/A/Frameworks/JavaNativeFoundation.framework/Versions/A/JavaNativeFoundation
0x0000000145446000 	/private/var/folders/fd/kcvtcbg53px3kpf8fdprmblm0000gn/T/lwjglnate/3.2.1-build-12/libopenal.dylib
0x000000014551c000 	/System/Library/Components/CoreAudio.component/Contents/MacOS/CoreAudio
0x00007fff4a06e000 	/System/Library/PrivateFrameworks/AudioSession.framework/Versions/A/AudioSession
0x00007fff4a0c0000 	/System/Library/PrivateFrameworks/AudioSession.framework/libSessionUtility.dylib
0x00007fff6e628000 	/usr/lib/libspindump.dylib
0x0000000136495000 	/Library/Java/JavaVirtualMachines/adoptopenjdk-8.jdk/Contents/Home/jre/lib/libawt.dylib
0x0000000143549000 	/Library/Java/JavaVirtualMachines/adoptopenjdk-8.jdk/Contents/Home/jre/lib/libmlib_image.dylib
0x00007fff3a0b1000 	/System/Library/Frameworks/JavaVM.framework/Versions/A/Frameworks/JavaRuntimeSupport.framework/Versions/A/JavaRuntimeSupport
0x00007fff3438a000 	/System/Library/Frameworks/Carbon.framework/Versions/A/Carbon
0x00007fff3438b000 	/System/Library/Frameworks/Carbon.framework/Versions/A/Frameworks/CommonPanels.framework/Versions/A/CommonPanels
0x00007fff34684000 	/System/Library/Frameworks/Carbon.framework/Versions/A/Frameworks/Help.framework/Versions/A/Help
0x00007fff34688000 	/System/Library/Frameworks/Carbon.framework/Versions/A/Frameworks/ImageCapture.framework/Versions/A/ImageCapture
0x00007fff3468f000 	/System/Library/Frameworks/Carbon.framework/Versions/A/Frameworks/OpenScripting.framework/Versions/A/OpenScripting
0x00007fff3468e000 	/System/Library/Frameworks/Carbon.framework/Versions/A/Frameworks/Ink.framework/Versions/A/Ink
0x00007fff346ca000 	/System/Library/Frameworks/Carbon.framework/Versions/A/Frameworks/Print.framework/Versions/A/Print
0x00007fff346cb000 	/System/Library/Frameworks/Carbon.framework/Versions/A/Frameworks/SecurityHI.framework/Versions/A/SecurityHI
0x000000014382e000 	/Library/Java/JavaVirtualMachines/adoptopenjdk-8.jdk/Contents/Home/jre/lib/libawt_lwawt.dylib
0x000000013581d000 	/Library/Java/JavaVirtualMachines/adoptopenjdk-8.jdk/Contents/Home/jre/lib/libosxapp.dylib
0x00007fff37c68000 	/System/Library/Frameworks/ExceptionHandling.framework/Versions/A/ExceptionHandling
0x00007fff65c53000 	/System/Library/PrivateFrameworks/SystemAdministration.framework/Versions/A/SystemAdministration
0x00007fff4fbe5000 	/System/Library/PrivateFrameworks/DiskManagement.framework/Versions/A/DiskManagement
0x00007fff3a539000 	/System/Library/Frameworks/MediaToolbox.framework/Versions/A/MediaToolbox
0x00007fff379b1000 	/System/Library/Frameworks/DirectoryService.framework/Versions/A/DirectoryService
0x00007fff4fb1c000 	/System/Library/PrivateFrameworks/DiskImages.framework/Versions/A/DiskImages
0x00007fff5ae3b000 	/System/Library/PrivateFrameworks/LoginUIKit.framework/Versions/A/Frameworks/LoginUICore.framework/Versions/A/LoginUICore
0x00007fff6c0ee000 	/usr/lib/libCoreStorage.dylib
0x00007fff6d264000 	/usr/lib/libcsfde.dylib
0x00007fff6e4e3000 	/usr/lib/libodfde.dylib
0x00007fff5b927000 	/System/Library/PrivateFrameworks/MediaKit.framework/Versions/A/MediaKit
0x00007fff379bd000 	/System/Library/Frameworks/DiscRecording.framework/Versions/A/DiscRecording
0x00007fff4fd9b000 	/System/Library/PrivateFrameworks/EFILogin.framework/Versions/A/EFILogin
0x00007fff61224000 	/System/Library/PrivateFrameworks/ProtectedCloudStorage.framework/Versions/A/ProtectedCloudStorage
0x00007fff4ceab000 	/System/Library/PrivateFrameworks/CoreAVCHD.framework/Versions/A/CoreAVCHD
0x00007fff3a463000 	/System/Library/Frameworks/MediaAccessibility.framework/Versions/A/MediaAccessibility
0x00007fff5b630000 	/System/Library/PrivateFrameworks/Mangrove.framework/Versions/A/Mangrove
0x00007fff36930000 	/System/Library/Frameworks/CoreMedia.framework/Versions/A/CoreMedia
0x00007fff5b89c000 	/System/Library/PrivateFrameworks/MediaExperience.framework/Versions/A/MediaExperience
0x00007fff43412000 	/System/Library/Frameworks/VideoToolbox.framework/Versions/A/VideoToolbox
0x00007fff4cad5000 	/System/Library/PrivateFrameworks/CoreAUC.framework/Versions/A/CoreAUC
0x00007fff49b34000 	/System/Library/PrivateFrameworks/AudioResourceArbitration.framework/Versions/A/AudioResourceArbitration
0x00007fff49549000 	/System/Library/PrivateFrameworks/AppleVA.framework/Versions/A/AppleVA
0x00007fff6d2d8000 	/usr/lib/libcurl.4.dylib
0x00007fff6d15d000 	/usr/lib/libcrypto.44.dylib
0x00007fff6e908000 	/usr/lib/libssl.46.dylib
0x00007fff3a0d2000 	/System/Library/Frameworks/LDAP.framework/Versions/A/LDAP
0x00007fff6662b000 	/System/Library/PrivateFrameworks/TrustEvaluationAgent.framework/Versions/A/TrustEvaluationAgent
0x00007fff6e615000 	/usr/lib/libsasl2.2.dylib
0x00007fff4d227000 	/System/Library/PrivateFrameworks/CoreDaemon.framework/Versions/B/CoreDaemon
0x00007fff4945f000 	/System/Library/PrivateFrameworks/AppleSRP.framework/Versions/A/AppleSRP
0x00007fff634d8000 	/System/Library/PrivateFrameworks/SidecarUI.framework/Versions/A/SidecarUI
0x00007fff634b7000 	/System/Library/PrivateFrameworks/SidecarCore.framework/Versions/A/SidecarCore

VM Arguments:
jvm_args: -Dforge.logging.console.level=debug -Dforge.logging.markers=SCAN,REGISTRIES,REGISTRYDUMP -Xss1M -javaagent:/Applications/IntelliJ IDEA CE.app/Contents/lib/idea_rt.jar=54946:/Applications/IntelliJ IDEA CE.app/Contents/bin -Dfile.encoding=UTF-8 
java_command: net.minecraftforge.userdev.LaunchTesting --username=natephaenephom@gmail.com --password=nathanp02
java_class_path (initial): /Library/Java/JavaVirtualMachines/adoptopenjdk-8.jdk/Contents/Home/jre/lib/charsets.jar:/Library/Java/JavaVirtualMachines/adoptopenjdk-8.jdk/Contents/Home/jre/lib/ext/cldrdata.jar:/Library/Java/JavaVirtualMachines/adoptopenjdk-8.jdk/Contents/Home/jre/lib/ext/dnsns.jar:/Library/Java/JavaVirtualMachines/adoptopenjdk-8.jdk/Contents/Home/jre/lib/ext/jaccess.jar:/Library/Java/JavaVirtualMachines/adoptopenjdk-8.jdk/Contents/Home/jre/lib/ext/localedata.jar:/Library/Java/JavaVirtualMachines/adoptopenjdk-8.jdk/Contents/Home/jre/lib/ext/nashorn.jar:/Library/Java/JavaVirtualMachines/adoptopenjdk-8.jdk/Contents/Home/jre/lib/ext/sunec.jar:/Library/Java/JavaVirtualMachines/adoptopenjdk-8.jdk/Contents/Home/jre/lib/ext/sunjce_provider.jar:/Library/Java/JavaVirtualMachines/adoptopenjdk-8.jdk/Contents/Home/jre/lib/ext/sunpkcs11.jar:/Library/Java/JavaVirtualMachines/adoptopenjdk-8.jdk/Contents/Home/jre/lib/ext/zipfs.jar:/Library/Java/JavaVirtualMachines/adoptopenjdk-8.jdk/Contents/Home/jre/lib/jce.jar:/Library/Java/JavaVirtualMachines/adoptopenjdk-8.jdk/Contents/Home/jre/lib/jfr.jar:/Library/Java/JavaVirtualMachines/adoptopenjdk-8.jdk/Contents/Home/jre/lib/jsse.jar:/Library/Java/JavaVirtualMachines/adoptopenjdk-8.jdk/Contents/Home/jre/lib/management-agent.jar:/Library/Java/JavaVirtualMachines/adoptopenjdk-8.jdk/Contents/Home/jre/lib/resources.jar:/Library/Java/JavaVirtualMachines/adoptopenjdk-8.jdk/Contents/Home/jre/lib/rt.jar:/Library/Java/JavaVirtualMachines/adoptopenjdk-8.jdk/Contents/Home/lib/dt.jar:/Library/Java/JavaVirtualMachines/adoptopenjdk-8.jdk/Contents/Home/lib/jconsole.jar:/Library/Java/JavaVirtualMachines/adoptopenjdk-8.jdk/Contents/Home/lib/sa-jdi.jar:/Library/Java/JavaVirtualMachines/adoptopenjdk-8.jdk/Contents/Home/lib/tools.jar:/Users/nate/Desktop/Modding/Noel-1.16.4/build/classes/java/main:/Users/nate/Desktop/Modding/Noel-1.16.4/build/resources/main:/Users/nate/.gradle/caches/forge_gradle/minecraft_user_repo/net/minecraftforge/forge/1.16
Launcher Type: SUN_STANDARD

Environment Variables:
PATH=/usr/local/bin:/usr/bin:/bin:/usr/sbin:/sbin
SHELL=/bin/zsh

Signal Handlers:
SIGSEGV: [libjvm.dylib+0x596ba1], sa_mask[0]=11111111011111110111111111111111, sa_flags=SA_ONSTACK|SA_RESTART|SA_SIGINFO
SIGBUS: [libjvm.dylib+0x596ba1], sa_mask[0]=11111111011111110111111111111111, sa_flags=SA_RESTART|SA_SIGINFO
SIGFPE: [libjvm.dylib+0x48ae5f], sa_mask[0]=11111111011111110111111111111111, sa_flags=SA_RESTART|SA_SIGINFO
SIGPIPE: [libjvm.dylib+0x48ae5f], sa_mask[0]=11111111011111110111111111111111, sa_flags=SA_RESTART|SA_SIGINFO
SIGXFSZ: [libjvm.dylib+0x48ae5f], sa_mask[0]=11111111011111110111111111111111, sa_flags=SA_RESTART|SA_SIGINFO
SIGILL: [libjvm.dylib+0x48ae5f], sa_mask[0]=11111111011111110111111111111111, sa_flags=SA_RESTART|SA_SIGINFO
SIGUSR1: SIG_DFL, sa_mask[0]=00000000000000000000000000000000, sa_flags=none
SIGUSR2: [libjvm.dylib+0x48b756], sa_mask[0]=00100000000000000000000000000000, sa_flags=SA_RESTART|SA_SIGINFO
SIGHUP: [libjvm.dylib+0x489955], sa_mask[0]=11111111011111110111111111111111, sa_flags=SA_RESTART|SA_SIGINFO
SIGINT: [libjvm.dylib+0x489955], sa_mask[0]=11111111011111110111111111111111, sa_flags=SA_RESTART|SA_SIGINFO
SIGTERM: [libjvm.dylib+0x489955], sa_mask[0]=11111111011111110111111111111111, sa_flags=SA_RESTART|SA_SIGINFO
SIGQUIT: [libjvm.dylib+0x489955], sa_mask[0]=11111111011111110111111111111111, sa_flags=SA_RESTART|SA_SIGINFO


---------------  S Y S T E M  ---------------

OS:Bsduname:Darwin 19.6.0 Darwin Kernel Version 19.6.0: Mon Aug 31 22:12:52 PDT 2020; root:xnu-6153.141.2~1/RELEASE_X86_64 x86_64
rlimit: STACK 8192k, CORE 0k, NPROC 2784, NOFILE 10240, AS infinity
load average:4.23 5.55 6.60

CPU:total 8 (initial active 8) (4 cores per cpu, 2 threads per core) family 6 model 126 stepping 5, cmov, cx8, fxsr, mmx, sse, sse2, sse3, ssse3, sse4.1, sse4.2, popcnt, avx, avx2, aes, clmul, erms, 3dnowpref, lzcnt, ht, tsc, tscinvbit, bmi1, bmi2, adx

Memory: 4k page, physical 16777216k(223572k free)

/proc/meminfo:


vm_info: OpenJDK 64-Bit Server VM (25.272-b10) for bsd-amd64 JRE (1.8.0_272-b10), built on Oct 22 2020 19:56:54 by "jenkins" with gcc 4.2.1 Compatible Apple LLVM 10.0.1 (clang-1001.0.46.4)

time: Wed Dec  2 18:42:06 2020
timezone: EST
elapsed time: 136.215889 seconds (0d 0h 2m 16s)

